TN:
SF:/Users/kit/Documents/Projects/Django/CSAweb/frontend/src/components/Dashboard/Views/Overview.vue
FNF:0
FNH:0
DA:34,1
LF:1
LH:1
BRF:0
BRH:0
end_of_record
TN:
SF:/Users/kit/Documents/Projects/Django/CSAweb/frontend/src/components/UIComponents/Cards/StatsCard.vue
FNF:0
FNH:0
LF:0
LH:0
BRF:0
BRH:0
end_of_record
TN:
SF:/Users/kit/Documents/Projects/Django/CSAweb/frontend/src/components/UIComponents/Inputs/formGroupInput.vue
FNF:0
FNH:0
LF:0
LH:0
BRF:0
BRH:0
end_of_record
TN:
SF:/Users/kit/Documents/Projects/Django/CSAweb/frontend/src/components/UIComponents/PaperTable.vue
FNF:0
FNH:0
DA:44,2
DA:49,20
DA:52,20
LF:3
LH:3
BRF:0
BRH:0
end_of_record
TN:
SF:/Users/kit/Documents/Projects/Django/CSAweb/frontend/src/App.vue
FNF:0
FNH:0
LF:0
LH:0
BRF:0
BRH:0
end_of_record
TN:
SF:/Users/kit/Documents/Projects/Django/CSAweb/frontend/src/components/Dashboard/Layout/Content.vue
FNF:0
FNH:0
LF:0
LH:0
BRF:0
BRH:0
end_of_record
TN:
SF:/Users/kit/Documents/Projects/Django/CSAweb/frontend/src/components/Dashboard/Layout/ContentFooter.vue
FNF:0
FNH:0
LF:0
LH:0
BRF:0
BRH:0
end_of_record
TN:
SF:/Users/kit/Documents/Projects/Django/CSAweb/frontend/src/components/Dashboard/Layout/DashboardLayout.vue
FNF:0
FNH:0
DA:35,0
DA:36,0
LF:2
LH:0
BRDA:,0,0,0
BRDA:,0,1,0
BRF:2
BRH:0
end_of_record
TN:
SF:/Users/kit/Documents/Projects/Django/CSAweb/frontend/src/components/Dashboard/Layout/TopNavbar.vue
FNF:0
FNH:0
DA:45,0
DA:46,0
DA:50,0
DA:56,0
DA:59,0
DA:62,0
DA:65,0
DA:68,0
LF:8
LH:0
BRF:0
BRH:0
end_of_record
TN:
SF:/Users/kit/Documents/Projects/Django/CSAweb/frontend/src/components/Dashboard/Views/Companies.vue
FNF:0
FNH:0
DA:15,1
DA:16,1
DA:57,0
LF:3
LH:2
BRF:0
BRH:0
end_of_record
TN:
SF:/Users/kit/Documents/Projects/Django/CSAweb/frontend/src/components/Dashboard/Views/Icons.vue
FNF:0
FNH:0
LF:0
LH:0
BRF:0
BRH:0
end_of_record
TN:
SF:/Users/kit/Documents/Projects/Django/CSAweb/frontend/src/components/Dashboard/Views/Maps.vue
FNF:0
FNH:0
DA:14,0
DA:15,0
DA:59,0
DA:61,0
DA:67,0
LF:5
LH:0
BRF:0
BRH:0
end_of_record
TN:
SF:/Users/kit/Documents/Projects/Django/CSAweb/frontend/src/components/Dashboard/Views/Notifications.vue
FNF:0
FNH:0
DA:96,0
DA:108,0
DA:109,0
LF:3
LH:0
BRF:0
BRH:0
end_of_record
TN:
SF:/Users/kit/Documents/Projects/Django/CSAweb/frontend/src/components/UIComponents/NotificationPlugin/Notification.vue
FN:,(anonymous_0)
FNF:1
FNH:0
FNDA:0,(anonymous_0)
DA:40,0
DA:44,0
DA:47,0
DA:50,0
DA:51,0
DA:52,0
DA:53,0
DA:55,0
DA:56,0
DA:57,0
DA:58,0
DA:60,0
DA:62,0
DA:67,0
DA:71,0
DA:72,0
LF:16
LH:0
BRDA:,0,0,0
BRDA:,0,1,0
BRDA:,1,0,0
BRDA:,1,1,0
BRDA:,2,0,0
BRDA:,2,1,0
BRDA:,3,0,0
BRDA:,3,1,0
BRF:8
BRH:0
end_of_record
TN:
SF:/Users/kit/Documents/Projects/Django/CSAweb/frontend/src/components/Dashboard/Views/Settings.vue
FNF:0
FNH:0
DA:14,1
DA:15,1
DA:56,0
LF:3
LH:2
BRF:0
BRH:0
end_of_record
TN:
SF:/Users/kit/Documents/Projects/Django/CSAweb/frontend/src/components/Dashboard/Views/TableList.vue
FNF:0
FNH:0
DA:15,1
DA:16,1
DA:58,0
LF:3
LH:2
BRF:0
BRH:0
end_of_record
TN:
SF:/Users/kit/Documents/Projects/Django/CSAweb/frontend/src/components/Dashboard/Views/Typography.vue
FNF:0
FNH:0
LF:0
LH:0
BRF:0
BRH:0
end_of_record
TN:
SF:/Users/kit/Documents/Projects/Django/CSAweb/frontend/src/components/Dashboard/Views/UserProfile.vue
FNF:0
FNH:0
LF:0
LH:0
BRF:0
BRH:0
end_of_record
TN:
SF:/Users/kit/Documents/Projects/Django/CSAweb/frontend/src/components/Dashboard/Views/UserProfile/EditProfileForm.vue
FNF:0
FNH:0
DA:110,0
DA:125,0
LF:2
LH:0
BRF:0
BRH:0
end_of_record
TN:
SF:/Users/kit/Documents/Projects/Django/CSAweb/frontend/src/components/Dashboard/Views/UserProfile/UserCard.vue
FNF:0
FNH:0
DA:38,0
DA:57,0
DA:58,0
DA:59,0
DA:60,0
DA:61,0
DA:63,0
LF:7
LH:0
BRDA:,0,0,0
BRDA:,0,1,0
BRDA:,1,0,0
BRDA:,1,1,0
BRF:4
BRH:0
end_of_record
TN:
SF:/Users/kit/Documents/Projects/Django/CSAweb/frontend/src/components/Dashboard/Views/UserProfile/MembersCard.vue
FNF:0
FNH:0
DA:37,0
DA:60,0
DA:62,0
DA:64,0
DA:66,0
DA:68,0
LF:6
LH:0
BRDA:,0,0,0
BRDA:,0,1,0
BRDA:,0,2,0
BRDA:,0,3,0
BRF:4
BRH:0
end_of_record
TN:
SF:/Users/kit/Documents/Projects/Django/CSAweb/frontend/src/components/Dashboard/Views/Users.vue
FN:,(anonymous_0)
FNF:1
FNH:0
FNDA:0,(anonymous_0)
DA:15,1
DA:16,1
DA:23,0
DA:39,0
LF:4
LH:2
BRF:0
BRH:0
end_of_record
TN:
SF:/Users/kit/Documents/Projects/Django/CSAweb/frontend/src/components/GeneralViews/NotFoundPage.vue
FNF:0
FNH:0
LF:0
LH:0
BRF:0
BRH:0
end_of_record
TN:
SF:/Users/kit/Documents/Projects/Django/CSAweb/frontend/src/components/UIComponents/Cards/ChartCard.vue
FN:,(anonymous_0)
FN:,(anonymous_1)
FNF:2
FNH:0
FNDA:0,(anonymous_0)
FNDA:0,(anonymous_1)
DA:45,0
DA:51,0
DA:59,0
DA:68,0
DA:69,0
DA:75,0
DA:76,0
DA:77,0
DA:80,0
DA:84,0
DA:85,0
LF:11
LH:0
BRF:0
BRH:0
end_of_record
TN:
SF:/Users/kit/Documents/Projects/Django/CSAweb/frontend/src/components/UIComponents/Dropdown.vue
FNF:0
FNH:0
DA:23,0
DA:29,0
DA:32,0
LF:3
LH:0
BRF:0
BRH:0
end_of_record
TN:
SF:/Users/kit/Documents/Projects/Django/CSAweb/frontend/src/components/UIComponents/NotificationPlugin/Notifications.vue
FNF:0
FNH:0
DA:18,0
DA:24,0
LF:2
LH:0
BRF:0
BRH:0
end_of_record
TN:
SF:/Users/kit/Documents/Projects/Django/CSAweb/frontend/src/components/UIComponents/NotificationPlugin/index.js
FNF:0
FNH:0
DA:3,1
DA:7,0
DA:10,0
DA:14,1
DA:17,0
DA:19,0
DA:22,0
LF:7
LH:2
BRF:0
BRH:0
end_of_record
TN:
SF:/Users/kit/Documents/Projects/Django/CSAweb/frontend/src/components/UIComponents/SidebarPlugin/MovingArrow.vue
FNF:0
FNH:0
DA:19,0
LF:1
LH:0
BRF:0
BRH:0
end_of_record
TN:
SF:/Users/kit/Documents/Projects/Django/CSAweb/frontend/src/components/UIComponents/SidebarPlugin/SideBar.vue
FN:,(anonymous_0)
FN:,(anonymous_1)
FN:,(anonymous_2)
FN:,(anonymous_3)
FN:,(anonymous_4)
FN:,(anonymous_5)
FNF:6
FNH:0
FNDA:0,(anonymous_0)
FNDA:0,(anonymous_1)
FNDA:0,(anonymous_2)
FNDA:0,(anonymous_3)
FNDA:0,(anonymous_4)
FNDA:0,(anonymous_5)
DA:45,0
DA:46,0
DA:53,0
DA:54,0
DA:61,0
DA:62,0
DA:67,0
DA:75,0
DA:76,0
DA:78,0
DA:82,0
DA:83,0
DA:85,0
DA:93,0
DA:97,0
DA:108,0
DA:109,0
DA:110,0
DA:111,0
DA:113,0
DA:118,0
DA:122,0
LF:22
LH:0
BRDA:,0,0,0
BRDA:,0,1,0
BRDA:,1,0,0
BRDA:,1,1,0
BRDA:,2,0,0
BRDA:,2,1,0
BRF:6
BRH:0
end_of_record
TN:
SF:/Users/kit/Documents/Projects/Django/CSAweb/frontend/src/components/UIComponents/SidebarPlugin/index.js
FNF:0
FNH:0
DA:3,1
DA:28,0
DA:32,1
DA:35,0
DA:37,0
DA:43,0
DA:45,0
DA:48,0
LF:8
LH:2
BRF:0
BRH:0
end_of_record
TN:
SF:/Users/kit/Documents/Projects/Django/CSAweb/frontend/src/gloablComponents.js
FNF:0
FNH:0
DA:8,1
DA:10,0
DA:11,0
LF:3
LH:1
BRF:0
BRH:0
end_of_record
TN:
SF:/Users/kit/Documents/Projects/Django/CSAweb/frontend/src/routes/routes.js
FNF:0
FNH:0
DA:12,1
LF:1
LH:1
BRF:0
BRH:0
end_of_record
